<?xml version="1.0" encoding="UTF-8"?>
<!-- Generated by org.testng.reporters.JUnitXMLReporter -->
<testsuite ignored="0" hostname="shivs-MacBook-Air.local" failures="0" tests="6" name="Test1" time="6.617" errors="0" timestamp="2024-07-14T08:55:57 IST">
  <testcase classname="day42.HRMDemo" name="openApp" time="4.729"/>
  <testcase classname="day42.HRMDemo" name="testLogoPresent" time="0.021"/>
  <testcase classname="day42.HRMDemo" name="Login" time="1.468"/>
  <testcase classname="day42.HRMDemo" name="closeApp" time="0.394"/>
  <testcase classname="day43.TestNGAnnotationsDemo" name="Advsearch" time="0.0"/>
  <testcase classname="day43.TestNGAnnotationsDemo" name="Search" time="0.001"/>
</testsuite> <!-- Test1 -->
