<?xml version="1.0" encoding="UTF-8"?>
<testng-results ignored="0" total="1" passed="1" failed="0" skipped="0">
  <reporter-output>
  </reporter-output>
  <suite started-at="2024-07-16T09:04:32 IST" name="Suite" finished-at="2024-07-16T09:04:38 IST" duration-ms="5965">
    <groups>
    </groups>
    <test started-at="2024-07-16T09:04:32 IST" name="Test" finished-at="2024-07-16T09:04:38 IST" duration-ms="5965">
      <class name="day48.LoginTest2">
        <test-method is-config="true" signature="setup(java.lang.String)[pri:0, instance:day48.LoginTest2@17497425]" started-at="2024-07-16T09:04:32 IST" name="setup" finished-at="2024-07-16T09:04:37 IST" duration-ms="4369" status="PASS">
          <params>
            <param index="0">
              <value>
                <![CDATA[https://opensource-demo.orangehrmlive.com/web/index.php/auth/login]]>
              </value>
            </param>
          </params>
          <reporter-output>
          </reporter-output>
        </test-method> <!-- setup -->
        <test-method signature="login(java.lang.String,java.lang.String,java.lang.String)[pri:0, instance:day48.LoginTest2@17497425]" started-at="2024-07-16T09:04:37 IST" name="login" finished-at="2024-07-16T09:04:38 IST" duration-ms="1095" status="PASS">
          <params>
            <param index="0">
              <value>
                <![CDATA[Admin]]>
              </value>
            </param>
            <param index="1">
              <value>
                <![CDATA[admin123]]>
              </value>
            </param>
            <param index="2">
              <value>
                <![CDATA[OrangeHRM]]>
              </value>
            </param>
          </params>
          <reporter-output>
          </reporter-output>
        </test-method> <!-- login -->
        <test-method is-config="true" signature="tearDown()[pri:0, instance:day48.LoginTest2@17497425]" started-at="2024-07-16T09:04:38 IST" name="tearDown" finished-at="2024-07-16T09:04:38 IST" duration-ms="383" status="PASS">
          <reporter-output>
          </reporter-output>
        </test-method> <!-- tearDown -->
      </class> <!-- day48.LoginTest2 -->
    </test> <!-- Test -->
  </suite> <!-- Suite -->
</testng-results>
