<?xml version="1.0" encoding="UTF-8"?>
<!-- Generated by org.testng.reporters.JUnitXMLReporter -->
<testsuite ignored="0" hostname="shivs-MacBook-Air.local" failures="0" tests="7" name="mytest" time="6.828" errors="0" timestamp="2024-07-14T08:28:27 IST">
  <testcase classname="day42.HRMDemo" name="openApp" time="4.742"/>
  <testcase classname="day42.HRMDemo" name="testLogoPresent" time="0.017"/>
  <testcase classname="day42.HRMDemo" name="Login" time="1.549"/>
  <testcase classname="day42.HRMDemo" name="closeApp" time="0.501"/>
  <testcase classname="day42.FirstTestCase" name="openApp" time="0.0"/>
  <testcase classname="day42.FirstTestCase" name="loginApp" time="0.0"/>
  <testcase classname="day42.FirstTestCase" name="logout" time="0.001"/>
</testsuite> <!-- mytest -->
