<?xml version="1.0" encoding="UTF-8"?>
<!-- Generated by org.testng.reporters.JUnitXMLReporter -->
<testsuite ignored="0" hostname="shivs-MacBook-Air.local" failures="0" tests="3" name="Testchrome" time="4.838" errors="0" timestamp="2024-07-15T14:10:08 IST">
  <testcase classname="waste.ParallelexcutionDemo" name="testCurruntURL" time="0.002"/>
  <testcase classname="waste.ParallelexcutionDemo" name="testLogo" time="0.014"/>
  <testcase classname="waste.ParallelexcutionDemo" name="testTitle" time="0.002"/>
</testsuite> <!-- Testchrome -->
