<?xml version="1.0" encoding="UTF-8"?>
<!-- Generated by org.testng.reporters.JUnitXMLReporter -->
<testsuite ignored="2" hostname="shivs-MacBook-Air.local" failures="0" tests="6" name="Test" time="0.018" errors="0" timestamp="2024-07-15T08:39:59 IST">
  <testcase classname="day44.SignupTests" name="signupByEmail" time="0.003"/>
  <testcase classname="day44.SignupTests" name="signupByFacebook" time="0.001"/>
  <testcase classname="day44.SignupTests" name="signupByTwitter" time="0.001"/>
  <testcase classname="day44.LoginTests" name="loginByEmail" time="0.0"/>
  <testcase classname="day44.LoginTests" name="loginByFacebook" time="0.001"/>
  <testcase classname="day44.LoginTests" name="loginByTwitter" time="0.001"/>
  <testcase classname="day44.PaymentTests" name="paymentInDollers" time="0.0">
    <ignored/>
  </testcase> <!-- paymentInDollers -->
  <testcase classname="day44.PaymentTests" name="paymentInRupees" time="0.0">
    <ignored/>
  </testcase> <!-- paymentInRupees -->
</testsuite> <!-- Test -->
